The system is: Linux - 4.19.90-2409.6.0.0297.95.uel20.8a.sw_64 - sw_64
Compiling the C compiler identification source file "CMakeCCompilerId.c" succeeded.
Compiler: /usr/bin/cc 
Build flags: 
Id flags:  

The output was:
0


Compilation of the C compiler identification source "CMakeCCompilerId.c" produced "a.out"

The C compiler identification is GNU, found in "/home/jnu_llvm/MLfortest/featurePass/build/CMakeFiles/3.22.0/CompilerIdC/a.out"

Compiling the CXX compiler identification source file "CMakeCXXCompilerId.cpp" succeeded.
Compiler: /usr/bin/c++ 
Build flags: 
Id flags:  

The output was:
0


Compilation of the CXX compiler identification source "CMakeCXXCompilerId.cpp" produced "a.out"

The CXX compiler identification is GNU, found in "/home/jnu_llvm/MLfortest/featurePass/build/CMakeFiles/3.22.0/CompilerIdCXX/a.out"

Detecting C compiler ABI info compiled with the following output:
Change Dir: /home/jnu_llvm/MLfortest/featurePass/build/CMakeFiles/CMakeTmp

Run Build Command(s):/usr/bin/gmake -f Makefile cmTC_477f4/fast && /usr/bin/gmake  -f CMakeFiles/cmTC_477f4.dir/build.make CMakeFiles/cmTC_477f4.dir/build
gmake[1]: Entering directory '/home/jnu_llvm/MLfortest/featurePass/build/CMakeFiles/CMakeTmp'
Building C object CMakeFiles/cmTC_477f4.dir/CMakeCCompilerABI.c.o
/usr/bin/cc   -v -o CMakeFiles/cmTC_477f4.dir/CMakeCCompilerABI.c.o -c /usr/share/cmake/Modules/CMakeCCompilerABI.c
Using built-in specs.
COLLECT_GCC=/usr/bin/cc
Target: sw_64-linux-gnu
Configured with: ../configure --prefix=/usr --mandir=/usr/share/man --infodir=/usr/share/info --enable-shared --enable-threads=posix --enable-checking=release --with-system-zlib --enable-__cxa_atexit --disable-libunwind-exceptions --enable-gnu-unique-object --enable-linker-build-id --with-linker-hash-style=gnu --enable-languages=c,c++,objc,obj-c++,fortran,lto --enable-plugin --enable-initfini-array --disable-libgcj --without-isl --without-cloog --enable-gnu-indirect-function --build=sw_64-linux-gnu --with-stage1-ldflags=' -Wl,-z,relro,-z,now' --with-boot-ldflags=' -Wl,-z,relro,-z,now' --disable-bootstrap --enable-c99 --enable-long-long --disable-nls --enable-multiarch --enable-browser-plugin --enable-linker-no-relax --with-cpu=sw8a --enable-sw_64-full-asan --disable-libquadmath --disable-multilib
Thread model: posix
Supported LTO compression algorithms: zlib
gcc version 10.3.1 (GCC) 
COLLECT_GCC_OPTIONS='-v' '-o' 'CMakeFiles/cmTC_477f4.dir/CMakeCCompilerABI.c.o' '-c' '-mcpu=sw8a'
 /usr/libexec/gcc/sw_64-linux-gnu/10.3.1/cc1 -quiet -v -imultiarch sw_64-linux-gnu /usr/share/cmake/Modules/CMakeCCompilerABI.c -quiet -dumpbase CMakeCCompilerABI.c -mcpu=sw8a -auxbase-strip CMakeFiles/cmTC_477f4.dir/CMakeCCompilerABI.c.o -version -o /tmp/ccvHPGNh.s
GNU C17 (GCC) version 10.3.1 (sw_64-linux-gnu)
	compiled by GNU C version 10.3.1, GMP version 6.2.1, MPFR version 4.1.0, MPC version 1.2.0, isl version none
GGC heuristics: --param ggc-min-expand=100 --param ggc-min-heapsize=131072
ignoring nonexistent directory "/usr/local/include/sw_64-linux-gnu"
ignoring nonexistent directory "/usr/lib/gcc/sw_64-linux-gnu/10.3.1/include-fixed"
ignoring nonexistent directory "/usr/lib/gcc/sw_64-linux-gnu/10.3.1/../../../../sw_64-linux-gnu/include"
ignoring nonexistent directory "/usr/include/sw_64-linux-gnu"
#include "..." search starts here:
#include <...> search starts here:
 /usr/lib/gcc/sw_64-linux-gnu/10.3.1/include
 /usr/local/include
 /usr/include
End of search list.
GNU C17 (GCC) version 10.3.1 (sw_64-linux-gnu)
	compiled by GNU C version 10.3.1, GMP version 6.2.1, MPFR version 4.1.0, MPC version 1.2.0, isl version none
GGC heuristics: --param ggc-min-expand=100 --param ggc-min-heapsize=131072
Compiler executable checksum: 4d9b01fdde8d8851cde1de6a88e66960
COLLECT_GCC_OPTIONS='-v' '-o' 'CMakeFiles/cmTC_477f4.dir/CMakeCCompilerABI.c.o' '-c' '-mcpu=sw8a'
 as -v -no-mdebug -msw8a -o CMakeFiles/cmTC_477f4.dir/CMakeCCompilerABI.c.o /tmp/ccvHPGNh.s
GNU assembler version 2.37 (sw_64-UnionTech-linux) using BFD version (GNU Binutils) 2.37
COMPILER_PATH=/usr/libexec/gcc/sw_64-linux-gnu/10.3.1/:/usr/libexec/gcc/sw_64-linux-gnu/10.3.1/:/usr/libexec/gcc/sw_64-linux-gnu/:/usr/lib/gcc/sw_64-linux-gnu/10.3.1/:/usr/lib/gcc/sw_64-linux-gnu/
LIBRARY_PATH=/usr/lib/gcc/sw_64-linux-gnu/10.3.1/:/usr/lib/gcc/sw_64-linux-gnu/10.3.1/../../../sw_64-linux-gnu/:/usr/lib/gcc/sw_64-linux-gnu/10.3.1/../../../../lib64/:/lib/sw_64-linux-gnu/:/lib/../lib64/:/usr/lib/sw_64-linux-gnu/:/usr/lib/../lib64/:/usr/lib/gcc/sw_64-linux-gnu/10.3.1/../../../:/lib/:/usr/lib/
COLLECT_GCC_OPTIONS='-v' '-o' 'CMakeFiles/cmTC_477f4.dir/CMakeCCompilerABI.c.o' '-c' '-mcpu=sw8a'
Linking C executable cmTC_477f4
/usr/bin/cmake -E cmake_link_script CMakeFiles/cmTC_477f4.dir/link.txt --verbose=1
/usr/bin/cc  -v -rdynamic CMakeFiles/cmTC_477f4.dir/CMakeCCompilerABI.c.o -o cmTC_477f4 
Using built-in specs.
COLLECT_GCC=/usr/bin/cc
COLLECT_LTO_WRAPPER=/usr/libexec/gcc/sw_64-linux-gnu/10.3.1/lto-wrapper
Target: sw_64-linux-gnu
Configured with: ../configure --prefix=/usr --mandir=/usr/share/man --infodir=/usr/share/info --enable-shared --enable-threads=posix --enable-checking=release --with-system-zlib --enable-__cxa_atexit --disable-libunwind-exceptions --enable-gnu-unique-object --enable-linker-build-id --with-linker-hash-style=gnu --enable-languages=c,c++,objc,obj-c++,fortran,lto --enable-plugin --enable-initfini-array --disable-libgcj --without-isl --without-cloog --enable-gnu-indirect-function --build=sw_64-linux-gnu --with-stage1-ldflags=' -Wl,-z,relro,-z,now' --with-boot-ldflags=' -Wl,-z,relro,-z,now' --disable-bootstrap --enable-c99 --enable-long-long --disable-nls --enable-multiarch --enable-browser-plugin --enable-linker-no-relax --with-cpu=sw8a --enable-sw_64-full-asan --disable-libquadmath --disable-multilib
Thread model: posix
Supported LTO compression algorithms: zlib
gcc version 10.3.1 (GCC) 
COMPILER_PATH=/usr/libexec/gcc/sw_64-linux-gnu/10.3.1/:/usr/libexec/gcc/sw_64-linux-gnu/10.3.1/:/usr/libexec/gcc/sw_64-linux-gnu/:/usr/lib/gcc/sw_64-linux-gnu/10.3.1/:/usr/lib/gcc/sw_64-linux-gnu/
LIBRARY_PATH=/usr/lib/gcc/sw_64-linux-gnu/10.3.1/:/usr/lib/gcc/sw_64-linux-gnu/10.3.1/../../../sw_64-linux-gnu/:/usr/lib/gcc/sw_64-linux-gnu/10.3.1/../../../../lib64/:/lib/sw_64-linux-gnu/:/lib/../lib64/:/usr/lib/sw_64-linux-gnu/:/usr/lib/../lib64/:/usr/lib/gcc/sw_64-linux-gnu/10.3.1/../../../:/lib/:/usr/lib/
COLLECT_GCC_OPTIONS='-v' '-rdynamic' '-o' 'cmTC_477f4' '-mcpu=sw8a'
 /usr/libexec/gcc/sw_64-linux-gnu/10.3.1/collect2 -plugin /usr/libexec/gcc/sw_64-linux-gnu/10.3.1/liblto_plugin.so -plugin-opt=/usr/libexec/gcc/sw_64-linux-gnu/10.3.1/lto-wrapper -plugin-opt=-fresolution=/tmp/ccg5eGAi.res -plugin-opt=-pass-through=-lgcc -plugin-opt=-pass-through=-lgcc_s -plugin-opt=-pass-through=-lc -plugin-opt=-pass-through=-lgcc -plugin-opt=-pass-through=-lgcc_s --no-relax --build-id --eh-frame-hdr --hash-style=gnu -m elf64sw_64 -O1 -export-dynamic -dynamic-linker /lib/ld-linux-sw-64.so.2 -o cmTC_477f4 /usr/lib/gcc/sw_64-linux-gnu/10.3.1/../../../../lib64/crt1.o /usr/lib/gcc/sw_64-linux-gnu/10.3.1/../../../../lib64/crti.o /usr/lib/gcc/sw_64-linux-gnu/10.3.1/crtbegin.o -L/usr/lib/gcc/sw_64-linux-gnu/10.3.1 -L/usr/lib/gcc/sw_64-linux-gnu/10.3.1/../../../sw_64-linux-gnu -L/usr/lib/gcc/sw_64-linux-gnu/10.3.1/../../../../lib64 -L/lib/sw_64-linux-gnu -L/lib/../lib64 -L/usr/lib/sw_64-linux-gnu -L/usr/lib/../lib64 -L/usr/lib/gcc/sw_64-linux-gnu/10.3.1/../../.. CMakeFiles/cmTC_477f4.dir/CMakeCCompilerABI.c.o -lgcc --push-state --as-needed -lgcc_s --pop-state -lc -lgcc --push-state --as-needed -lgcc_s --pop-state /usr/lib/gcc/sw_64-linux-gnu/10.3.1/crtend.o /usr/lib/gcc/sw_64-linux-gnu/10.3.1/../../../../lib64/crtn.o
COLLECT_GCC_OPTIONS='-v' '-rdynamic' '-o' 'cmTC_477f4' '-mcpu=sw8a'
gmake[1]: Leaving directory '/home/jnu_llvm/MLfortest/featurePass/build/CMakeFiles/CMakeTmp'



Parsed C implicit include dir info from above output: rv=done
  found start of include info
  found start of implicit include info
    add: [/usr/lib/gcc/sw_64-linux-gnu/10.3.1/include]
    add: [/usr/local/include]
    add: [/usr/include]
  end of search list found
  collapse include dir [/usr/lib/gcc/sw_64-linux-gnu/10.3.1/include] ==> [/usr/lib/gcc/sw_64-linux-gnu/10.3.1/include]
  collapse include dir [/usr/local/include] ==> [/usr/local/include]
  collapse include dir [/usr/include] ==> [/usr/include]
  implicit include dirs: [/usr/lib/gcc/sw_64-linux-gnu/10.3.1/include;/usr/local/include;/usr/include]


Parsed C implicit link information from above output:
  link line regex: [^( *|.*[/\])(ld|CMAKE_LINK_STARTFILE-NOTFOUND|([^/\]+-)?ld|collect2)[^/\]*( |$)]
  ignore line: [Change Dir: /home/jnu_llvm/MLfortest/featurePass/build/CMakeFiles/CMakeTmp]
  ignore line: []
  ignore line: [Run Build Command(s):/usr/bin/gmake -f Makefile cmTC_477f4/fast && /usr/bin/gmake  -f CMakeFiles/cmTC_477f4.dir/build.make CMakeFiles/cmTC_477f4.dir/build]
  ignore line: [gmake[1]: Entering directory '/home/jnu_llvm/MLfortest/featurePass/build/CMakeFiles/CMakeTmp']
  ignore line: [Building C object CMakeFiles/cmTC_477f4.dir/CMakeCCompilerABI.c.o]
  ignore line: [/usr/bin/cc   -v -o CMakeFiles/cmTC_477f4.dir/CMakeCCompilerABI.c.o -c /usr/share/cmake/Modules/CMakeCCompilerABI.c]
  ignore line: [Using built-in specs.]
  ignore line: [COLLECT_GCC=/usr/bin/cc]
  ignore line: [Target: sw_64-linux-gnu]
  ignore line: [Configured with: ../configure --prefix=/usr --mandir=/usr/share/man --infodir=/usr/share/info --enable-shared --enable-threads=posix --enable-checking=release --with-system-zlib --enable-__cxa_atexit --disable-libunwind-exceptions --enable-gnu-unique-object --enable-linker-build-id --with-linker-hash-style=gnu --enable-languages=c,c++,objc,obj-c++,fortran,lto --enable-plugin --enable-initfini-array --disable-libgcj --without-isl --without-cloog --enable-gnu-indirect-function --build=sw_64-linux-gnu --with-stage1-ldflags=' -Wl,-z,relro,-z,now' --with-boot-ldflags=' -Wl,-z,relro,-z,now' --disable-bootstrap --enable-c99 --enable-long-long --disable-nls --enable-multiarch --enable-browser-plugin --enable-linker-no-relax --with-cpu=sw8a --enable-sw_64-full-asan --disable-libquadmath --disable-multilib]
  ignore line: [Thread model: posix]
  ignore line: [Supported LTO compression algorithms: zlib]
  ignore line: [gcc version 10.3.1 (GCC) ]
  ignore line: [COLLECT_GCC_OPTIONS='-v' '-o' 'CMakeFiles/cmTC_477f4.dir/CMakeCCompilerABI.c.o' '-c' '-mcpu=sw8a']
  ignore line: [ /usr/libexec/gcc/sw_64-linux-gnu/10.3.1/cc1 -quiet -v -imultiarch sw_64-linux-gnu /usr/share/cmake/Modules/CMakeCCompilerABI.c -quiet -dumpbase CMakeCCompilerABI.c -mcpu=sw8a -auxbase-strip CMakeFiles/cmTC_477f4.dir/CMakeCCompilerABI.c.o -version -o /tmp/ccvHPGNh.s]
  ignore line: [GNU C17 (GCC) version 10.3.1 (sw_64-linux-gnu)]
  ignore line: [	compiled by GNU C version 10.3.1  GMP version 6.2.1  MPFR version 4.1.0  MPC version 1.2.0  isl version none]
  ignore line: [GGC heuristics: --param ggc-min-expand=100 --param ggc-min-heapsize=131072]
  ignore line: [ignoring nonexistent directory "/usr/local/include/sw_64-linux-gnu"]
  ignore line: [ignoring nonexistent directory "/usr/lib/gcc/sw_64-linux-gnu/10.3.1/include-fixed"]
  ignore line: [ignoring nonexistent directory "/usr/lib/gcc/sw_64-linux-gnu/10.3.1/../../../../sw_64-linux-gnu/include"]
  ignore line: [ignoring nonexistent directory "/usr/include/sw_64-linux-gnu"]
  ignore line: [#include "..." search starts here:]
  ignore line: [#include <...> search starts here:]
  ignore line: [ /usr/lib/gcc/sw_64-linux-gnu/10.3.1/include]
  ignore line: [ /usr/local/include]
  ignore line: [ /usr/include]
  ignore line: [End of search list.]
  ignore line: [GNU C17 (GCC) version 10.3.1 (sw_64-linux-gnu)]
  ignore line: [	compiled by GNU C version 10.3.1  GMP version 6.2.1  MPFR version 4.1.0  MPC version 1.2.0  isl version none]
  ignore line: [GGC heuristics: --param ggc-min-expand=100 --param ggc-min-heapsize=131072]
  ignore line: [Compiler executable checksum: 4d9b01fdde8d8851cde1de6a88e66960]
  ignore line: [COLLECT_GCC_OPTIONS='-v' '-o' 'CMakeFiles/cmTC_477f4.dir/CMakeCCompilerABI.c.o' '-c' '-mcpu=sw8a']
  ignore line: [ as -v -no-mdebug -msw8a -o CMakeFiles/cmTC_477f4.dir/CMakeCCompilerABI.c.o /tmp/ccvHPGNh.s]
  ignore line: [GNU assembler version 2.37 (sw_64-UnionTech-linux) using BFD version (GNU Binutils) 2.37]
  ignore line: [COMPILER_PATH=/usr/libexec/gcc/sw_64-linux-gnu/10.3.1/:/usr/libexec/gcc/sw_64-linux-gnu/10.3.1/:/usr/libexec/gcc/sw_64-linux-gnu/:/usr/lib/gcc/sw_64-linux-gnu/10.3.1/:/usr/lib/gcc/sw_64-linux-gnu/]
  ignore line: [LIBRARY_PATH=/usr/lib/gcc/sw_64-linux-gnu/10.3.1/:/usr/lib/gcc/sw_64-linux-gnu/10.3.1/../../../sw_64-linux-gnu/:/usr/lib/gcc/sw_64-linux-gnu/10.3.1/../../../../lib64/:/lib/sw_64-linux-gnu/:/lib/../lib64/:/usr/lib/sw_64-linux-gnu/:/usr/lib/../lib64/:/usr/lib/gcc/sw_64-linux-gnu/10.3.1/../../../:/lib/:/usr/lib/]
  ignore line: [COLLECT_GCC_OPTIONS='-v' '-o' 'CMakeFiles/cmTC_477f4.dir/CMakeCCompilerABI.c.o' '-c' '-mcpu=sw8a']
  ignore line: [Linking C executable cmTC_477f4]
  ignore line: [/usr/bin/cmake -E cmake_link_script CMakeFiles/cmTC_477f4.dir/link.txt --verbose=1]
  ignore line: [/usr/bin/cc  -v -rdynamic CMakeFiles/cmTC_477f4.dir/CMakeCCompilerABI.c.o -o cmTC_477f4 ]
  ignore line: [Using built-in specs.]
  ignore line: [COLLECT_GCC=/usr/bin/cc]
  ignore line: [COLLECT_LTO_WRAPPER=/usr/libexec/gcc/sw_64-linux-gnu/10.3.1/lto-wrapper]
  ignore line: [Target: sw_64-linux-gnu]
  ignore line: [Configured with: ../configure --prefix=/usr --mandir=/usr/share/man --infodir=/usr/share/info --enable-shared --enable-threads=posix --enable-checking=release --with-system-zlib --enable-__cxa_atexit --disable-libunwind-exceptions --enable-gnu-unique-object --enable-linker-build-id --with-linker-hash-style=gnu --enable-languages=c,c++,objc,obj-c++,fortran,lto --enable-plugin --enable-initfini-array --disable-libgcj --without-isl --without-cloog --enable-gnu-indirect-function --build=sw_64-linux-gnu --with-stage1-ldflags=' -Wl,-z,relro,-z,now' --with-boot-ldflags=' -Wl,-z,relro,-z,now' --disable-bootstrap --enable-c99 --enable-long-long --disable-nls --enable-multiarch --enable-browser-plugin --enable-linker-no-relax --with-cpu=sw8a --enable-sw_64-full-asan --disable-libquadmath --disable-multilib]
  ignore line: [Thread model: posix]
  ignore line: [Supported LTO compression algorithms: zlib]
  ignore line: [gcc version 10.3.1 (GCC) ]
  ignore line: [COMPILER_PATH=/usr/libexec/gcc/sw_64-linux-gnu/10.3.1/:/usr/libexec/gcc/sw_64-linux-gnu/10.3.1/:/usr/libexec/gcc/sw_64-linux-gnu/:/usr/lib/gcc/sw_64-linux-gnu/10.3.1/:/usr/lib/gcc/sw_64-linux-gnu/]
  ignore line: [LIBRARY_PATH=/usr/lib/gcc/sw_64-linux-gnu/10.3.1/:/usr/lib/gcc/sw_64-linux-gnu/10.3.1/../../../sw_64-linux-gnu/:/usr/lib/gcc/sw_64-linux-gnu/10.3.1/../../../../lib64/:/lib/sw_64-linux-gnu/:/lib/../lib64/:/usr/lib/sw_64-linux-gnu/:/usr/lib/../lib64/:/usr/lib/gcc/sw_64-linux-gnu/10.3.1/../../../:/lib/:/usr/lib/]
  ignore line: [COLLECT_GCC_OPTIONS='-v' '-rdynamic' '-o' 'cmTC_477f4' '-mcpu=sw8a']
  link line: [ /usr/libexec/gcc/sw_64-linux-gnu/10.3.1/collect2 -plugin /usr/libexec/gcc/sw_64-linux-gnu/10.3.1/liblto_plugin.so -plugin-opt=/usr/libexec/gcc/sw_64-linux-gnu/10.3.1/lto-wrapper -plugin-opt=-fresolution=/tmp/ccg5eGAi.res -plugin-opt=-pass-through=-lgcc -plugin-opt=-pass-through=-lgcc_s -plugin-opt=-pass-through=-lc -plugin-opt=-pass-through=-lgcc -plugin-opt=-pass-through=-lgcc_s --no-relax --build-id --eh-frame-hdr --hash-style=gnu -m elf64sw_64 -O1 -export-dynamic -dynamic-linker /lib/ld-linux-sw-64.so.2 -o cmTC_477f4 /usr/lib/gcc/sw_64-linux-gnu/10.3.1/../../../../lib64/crt1.o /usr/lib/gcc/sw_64-linux-gnu/10.3.1/../../../../lib64/crti.o /usr/lib/gcc/sw_64-linux-gnu/10.3.1/crtbegin.o -L/usr/lib/gcc/sw_64-linux-gnu/10.3.1 -L/usr/lib/gcc/sw_64-linux-gnu/10.3.1/../../../sw_64-linux-gnu -L/usr/lib/gcc/sw_64-linux-gnu/10.3.1/../../../../lib64 -L/lib/sw_64-linux-gnu -L/lib/../lib64 -L/usr/lib/sw_64-linux-gnu -L/usr/lib/../lib64 -L/usr/lib/gcc/sw_64-linux-gnu/10.3.1/../../.. CMakeFiles/cmTC_477f4.dir/CMakeCCompilerABI.c.o -lgcc --push-state --as-needed -lgcc_s --pop-state -lc -lgcc --push-state --as-needed -lgcc_s --pop-state /usr/lib/gcc/sw_64-linux-gnu/10.3.1/crtend.o /usr/lib/gcc/sw_64-linux-gnu/10.3.1/../../../../lib64/crtn.o]
    arg [/usr/libexec/gcc/sw_64-linux-gnu/10.3.1/collect2] ==> ignore
    arg [-plugin] ==> ignore
    arg [/usr/libexec/gcc/sw_64-linux-gnu/10.3.1/liblto_plugin.so] ==> ignore
    arg [-plugin-opt=/usr/libexec/gcc/sw_64-linux-gnu/10.3.1/lto-wrapper] ==> ignore
    arg [-plugin-opt=-fresolution=/tmp/ccg5eGAi.res] ==> ignore
    arg [-plugin-opt=-pass-through=-lgcc] ==> ignore
    arg [-plugin-opt=-pass-through=-lgcc_s] ==> ignore
    arg [-plugin-opt=-pass-through=-lc] ==> ignore
    arg [-plugin-opt=-pass-through=-lgcc] ==> ignore
    arg [-plugin-opt=-pass-through=-lgcc_s] ==> ignore
    arg [--no-relax] ==> ignore
    arg [--build-id] ==> ignore
    arg [--eh-frame-hdr] ==> ignore
    arg [--hash-style=gnu] ==> ignore
    arg [-m] ==> ignore
    arg [elf64sw_64] ==> ignore
    arg [-O1] ==> ignore
    arg [-export-dynamic] ==> ignore
    arg [-dynamic-linker] ==> ignore
    arg [/lib/ld-linux-sw-64.so.2] ==> ignore
    arg [-o] ==> ignore
    arg [cmTC_477f4] ==> ignore
    arg [/usr/lib/gcc/sw_64-linux-gnu/10.3.1/../../../../lib64/crt1.o] ==> obj [/usr/lib/gcc/sw_64-linux-gnu/10.3.1/../../../../lib64/crt1.o]
    arg [/usr/lib/gcc/sw_64-linux-gnu/10.3.1/../../../../lib64/crti.o] ==> obj [/usr/lib/gcc/sw_64-linux-gnu/10.3.1/../../../../lib64/crti.o]
    arg [/usr/lib/gcc/sw_64-linux-gnu/10.3.1/crtbegin.o] ==> obj [/usr/lib/gcc/sw_64-linux-gnu/10.3.1/crtbegin.o]
    arg [-L/usr/lib/gcc/sw_64-linux-gnu/10.3.1] ==> dir [/usr/lib/gcc/sw_64-linux-gnu/10.3.1]
    arg [-L/usr/lib/gcc/sw_64-linux-gnu/10.3.1/../../../sw_64-linux-gnu] ==> dir [/usr/lib/gcc/sw_64-linux-gnu/10.3.1/../../../sw_64-linux-gnu]
    arg [-L/usr/lib/gcc/sw_64-linux-gnu/10.3.1/../../../../lib64] ==> dir [/usr/lib/gcc/sw_64-linux-gnu/10.3.1/../../../../lib64]
    arg [-L/lib/sw_64-linux-gnu] ==> dir [/lib/sw_64-linux-gnu]
    arg [-L/lib/../lib64] ==> dir [/lib/../lib64]
    arg [-L/usr/lib/sw_64-linux-gnu] ==> dir [/usr/lib/sw_64-linux-gnu]
    arg [-L/usr/lib/../lib64] ==> dir [/usr/lib/../lib64]
    arg [-L/usr/lib/gcc/sw_64-linux-gnu/10.3.1/../../..] ==> dir [/usr/lib/gcc/sw_64-linux-gnu/10.3.1/../../..]
    arg [CMakeFiles/cmTC_477f4.dir/CMakeCCompilerABI.c.o] ==> ignore
    arg [-lgcc] ==> lib [gcc]
    arg [--push-state] ==> ignore
    arg [--as-needed] ==> ignore
    arg [-lgcc_s] ==> lib [gcc_s]
    arg [--pop-state] ==> ignore
    arg [-lc] ==> lib [c]
    arg [-lgcc] ==> lib [gcc]
    arg [--push-state] ==> ignore
    arg [--as-needed] ==> ignore
    arg [-lgcc_s] ==> lib [gcc_s]
    arg [--pop-state] ==> ignore
    arg [/usr/lib/gcc/sw_64-linux-gnu/10.3.1/crtend.o] ==> obj [/usr/lib/gcc/sw_64-linux-gnu/10.3.1/crtend.o]
    arg [/usr/lib/gcc/sw_64-linux-gnu/10.3.1/../../../../lib64/crtn.o] ==> obj [/usr/lib/gcc/sw_64-linux-gnu/10.3.1/../../../../lib64/crtn.o]
  collapse obj [/usr/lib/gcc/sw_64-linux-gnu/10.3.1/../../../../lib64/crt1.o] ==> [/usr/lib64/crt1.o]
  collapse obj [/usr/lib/gcc/sw_64-linux-gnu/10.3.1/../../../../lib64/crti.o] ==> [/usr/lib64/crti.o]
  collapse obj [/usr/lib/gcc/sw_64-linux-gnu/10.3.1/../../../../lib64/crtn.o] ==> [/usr/lib64/crtn.o]
  collapse library dir [/usr/lib/gcc/sw_64-linux-gnu/10.3.1] ==> [/usr/lib/gcc/sw_64-linux-gnu/10.3.1]
  collapse library dir [/usr/lib/gcc/sw_64-linux-gnu/10.3.1/../../../sw_64-linux-gnu] ==> [/usr/lib/sw_64-linux-gnu]
  collapse library dir [/usr/lib/gcc/sw_64-linux-gnu/10.3.1/../../../../lib64] ==> [/usr/lib64]
  collapse library dir [/lib/sw_64-linux-gnu] ==> [/lib/sw_64-linux-gnu]
  collapse library dir [/lib/../lib64] ==> [/lib64]
  collapse library dir [/usr/lib/sw_64-linux-gnu] ==> [/usr/lib/sw_64-linux-gnu]
  collapse library dir [/usr/lib/../lib64] ==> [/usr/lib64]
  collapse library dir [/usr/lib/gcc/sw_64-linux-gnu/10.3.1/../../..] ==> [/usr/lib]
  implicit libs: [gcc;gcc_s;c;gcc;gcc_s]
  implicit objs: [/usr/lib64/crt1.o;/usr/lib64/crti.o;/usr/lib/gcc/sw_64-linux-gnu/10.3.1/crtbegin.o;/usr/lib/gcc/sw_64-linux-gnu/10.3.1/crtend.o;/usr/lib64/crtn.o]
  implicit dirs: [/usr/lib/gcc/sw_64-linux-gnu/10.3.1;/usr/lib/sw_64-linux-gnu;/usr/lib64;/lib/sw_64-linux-gnu;/lib64;/usr/lib]
  implicit fwks: []


Detecting CXX compiler ABI info compiled with the following output:
Change Dir: /home/jnu_llvm/MLfortest/featurePass/build/CMakeFiles/CMakeTmp

Run Build Command(s):/usr/bin/gmake -f Makefile cmTC_1fc7b/fast && /usr/bin/gmake  -f CMakeFiles/cmTC_1fc7b.dir/build.make CMakeFiles/cmTC_1fc7b.dir/build
gmake[1]: Entering directory '/home/jnu_llvm/MLfortest/featurePass/build/CMakeFiles/CMakeTmp'
Building CXX object CMakeFiles/cmTC_1fc7b.dir/CMakeCXXCompilerABI.cpp.o
/usr/bin/c++   -v -o CMakeFiles/cmTC_1fc7b.dir/CMakeCXXCompilerABI.cpp.o -c /usr/share/cmake/Modules/CMakeCXXCompilerABI.cpp
Using built-in specs.
COLLECT_GCC=/usr/bin/c++
Target: sw_64-linux-gnu
Configured with: ../configure --prefix=/usr --mandir=/usr/share/man --infodir=/usr/share/info --enable-shared --enable-threads=posix --enable-checking=release --with-system-zlib --enable-__cxa_atexit --disable-libunwind-exceptions --enable-gnu-unique-object --enable-linker-build-id --with-linker-hash-style=gnu --enable-languages=c,c++,objc,obj-c++,fortran,lto --enable-plugin --enable-initfini-array --disable-libgcj --without-isl --without-cloog --enable-gnu-indirect-function --build=sw_64-linux-gnu --with-stage1-ldflags=' -Wl,-z,relro,-z,now' --with-boot-ldflags=' -Wl,-z,relro,-z,now' --disable-bootstrap --enable-c99 --enable-long-long --disable-nls --enable-multiarch --enable-browser-plugin --enable-linker-no-relax --with-cpu=sw8a --enable-sw_64-full-asan --disable-libquadmath --disable-multilib
Thread model: posix
Supported LTO compression algorithms: zlib
gcc version 10.3.1 (GCC) 
COLLECT_GCC_OPTIONS='-v' '-o' 'CMakeFiles/cmTC_1fc7b.dir/CMakeCXXCompilerABI.cpp.o' '-c' '-shared-libgcc' '-mcpu=sw8a'
 /usr/libexec/gcc/sw_64-linux-gnu/10.3.1/cc1plus -quiet -v -imultiarch sw_64-linux-gnu -D_GNU_SOURCE /usr/share/cmake/Modules/CMakeCXXCompilerABI.cpp -quiet -dumpbase CMakeCXXCompilerABI.cpp -mcpu=sw8a -auxbase-strip CMakeFiles/cmTC_1fc7b.dir/CMakeCXXCompilerABI.cpp.o -version -o /tmp/ccQeJgK2.s
GNU C++14 (GCC) version 10.3.1 (sw_64-linux-gnu)
	compiled by GNU C version 10.3.1, GMP version 6.2.1, MPFR version 4.1.0, MPC version 1.2.0, isl version none
GGC heuristics: --param ggc-min-expand=100 --param ggc-min-heapsize=131072
ignoring nonexistent directory "/usr/local/include/sw_64-linux-gnu"
ignoring nonexistent directory "/usr/lib/gcc/sw_64-linux-gnu/10.3.1/include-fixed"
ignoring nonexistent directory "/usr/lib/gcc/sw_64-linux-gnu/10.3.1/../../../../sw_64-linux-gnu/include"
ignoring nonexistent directory "/usr/include/sw_64-linux-gnu"
#include "..." search starts here:
#include <...> search starts here:
 /usr/lib/gcc/sw_64-linux-gnu/10.3.1/../../../../include/c++/10.3.1
 /usr/lib/gcc/sw_64-linux-gnu/10.3.1/../../../../include/c++/10.3.1/sw_64-linux-gnu
 /usr/lib/gcc/sw_64-linux-gnu/10.3.1/../../../../include/c++/10.3.1/backward
 /usr/lib/gcc/sw_64-linux-gnu/10.3.1/include
 /usr/local/include
 /usr/include
End of search list.
GNU C++14 (GCC) version 10.3.1 (sw_64-linux-gnu)
	compiled by GNU C version 10.3.1, GMP version 6.2.1, MPFR version 4.1.0, MPC version 1.2.0, isl version none
GGC heuristics: --param ggc-min-expand=100 --param ggc-min-heapsize=131072
Compiler executable checksum: 0e35f53c9096122acdd4efa94207edb9
COLLECT_GCC_OPTIONS='-v' '-o' 'CMakeFiles/cmTC_1fc7b.dir/CMakeCXXCompilerABI.cpp.o' '-c' '-shared-libgcc' '-mcpu=sw8a'
 as -v -no-mdebug -msw8a -o CMakeFiles/cmTC_1fc7b.dir/CMakeCXXCompilerABI.cpp.o /tmp/ccQeJgK2.s
GNU assembler version 2.37 (sw_64-UnionTech-linux) using BFD version (GNU Binutils) 2.37
COMPILER_PATH=/usr/libexec/gcc/sw_64-linux-gnu/10.3.1/:/usr/libexec/gcc/sw_64-linux-gnu/10.3.1/:/usr/libexec/gcc/sw_64-linux-gnu/:/usr/lib/gcc/sw_64-linux-gnu/10.3.1/:/usr/lib/gcc/sw_64-linux-gnu/
LIBRARY_PATH=/usr/lib/gcc/sw_64-linux-gnu/10.3.1/:/usr/lib/gcc/sw_64-linux-gnu/10.3.1/../../../sw_64-linux-gnu/:/usr/lib/gcc/sw_64-linux-gnu/10.3.1/../../../../lib64/:/lib/sw_64-linux-gnu/:/lib/../lib64/:/usr/lib/sw_64-linux-gnu/:/usr/lib/../lib64/:/usr/lib/gcc/sw_64-linux-gnu/10.3.1/../../../:/lib/:/usr/lib/
COLLECT_GCC_OPTIONS='-v' '-o' 'CMakeFiles/cmTC_1fc7b.dir/CMakeCXXCompilerABI.cpp.o' '-c' '-shared-libgcc' '-mcpu=sw8a'
Linking CXX executable cmTC_1fc7b
/usr/bin/cmake -E cmake_link_script CMakeFiles/cmTC_1fc7b.dir/link.txt --verbose=1
/usr/bin/c++  -v -rdynamic CMakeFiles/cmTC_1fc7b.dir/CMakeCXXCompilerABI.cpp.o -o cmTC_1fc7b 
Using built-in specs.
COLLECT_GCC=/usr/bin/c++
COLLECT_LTO_WRAPPER=/usr/libexec/gcc/sw_64-linux-gnu/10.3.1/lto-wrapper
Target: sw_64-linux-gnu
Configured with: ../configure --prefix=/usr --mandir=/usr/share/man --infodir=/usr/share/info --enable-shared --enable-threads=posix --enable-checking=release --with-system-zlib --enable-__cxa_atexit --disable-libunwind-exceptions --enable-gnu-unique-object --enable-linker-build-id --with-linker-hash-style=gnu --enable-languages=c,c++,objc,obj-c++,fortran,lto --enable-plugin --enable-initfini-array --disable-libgcj --without-isl --without-cloog --enable-gnu-indirect-function --build=sw_64-linux-gnu --with-stage1-ldflags=' -Wl,-z,relro,-z,now' --with-boot-ldflags=' -Wl,-z,relro,-z,now' --disable-bootstrap --enable-c99 --enable-long-long --disable-nls --enable-multiarch --enable-browser-plugin --enable-linker-no-relax --with-cpu=sw8a --enable-sw_64-full-asan --disable-libquadmath --disable-multilib
Thread model: posix
Supported LTO compression algorithms: zlib
gcc version 10.3.1 (GCC) 
COMPILER_PATH=/usr/libexec/gcc/sw_64-linux-gnu/10.3.1/:/usr/libexec/gcc/sw_64-linux-gnu/10.3.1/:/usr/libexec/gcc/sw_64-linux-gnu/:/usr/lib/gcc/sw_64-linux-gnu/10.3.1/:/usr/lib/gcc/sw_64-linux-gnu/
LIBRARY_PATH=/usr/lib/gcc/sw_64-linux-gnu/10.3.1/:/usr/lib/gcc/sw_64-linux-gnu/10.3.1/../../../sw_64-linux-gnu/:/usr/lib/gcc/sw_64-linux-gnu/10.3.1/../../../../lib64/:/lib/sw_64-linux-gnu/:/lib/../lib64/:/usr/lib/sw_64-linux-gnu/:/usr/lib/../lib64/:/usr/lib/gcc/sw_64-linux-gnu/10.3.1/../../../:/lib/:/usr/lib/
COLLECT_GCC_OPTIONS='-v' '-rdynamic' '-o' 'cmTC_1fc7b' '-shared-libgcc' '-mcpu=sw8a'
 /usr/libexec/gcc/sw_64-linux-gnu/10.3.1/collect2 -plugin /usr/libexec/gcc/sw_64-linux-gnu/10.3.1/liblto_plugin.so -plugin-opt=/usr/libexec/gcc/sw_64-linux-gnu/10.3.1/lto-wrapper -plugin-opt=-fresolution=/tmp/cc2U8v7h.res -plugin-opt=-pass-through=-lgcc_s -plugin-opt=-pass-through=-lgcc -plugin-opt=-pass-through=-lc -plugin-opt=-pass-through=-lgcc_s -plugin-opt=-pass-through=-lgcc --no-relax --build-id --eh-frame-hdr --hash-style=gnu -m elf64sw_64 -O1 -export-dynamic -dynamic-linker /lib/ld-linux-sw-64.so.2 -o cmTC_1fc7b /usr/lib/gcc/sw_64-linux-gnu/10.3.1/../../../../lib64/crt1.o /usr/lib/gcc/sw_64-linux-gnu/10.3.1/../../../../lib64/crti.o /usr/lib/gcc/sw_64-linux-gnu/10.3.1/crtbegin.o -L/usr/lib/gcc/sw_64-linux-gnu/10.3.1 -L/usr/lib/gcc/sw_64-linux-gnu/10.3.1/../../../sw_64-linux-gnu -L/usr/lib/gcc/sw_64-linux-gnu/10.3.1/../../../../lib64 -L/lib/sw_64-linux-gnu -L/lib/../lib64 -L/usr/lib/sw_64-linux-gnu -L/usr/lib/../lib64 -L/usr/lib/gcc/sw_64-linux-gnu/10.3.1/../../.. CMakeFiles/cmTC_1fc7b.dir/CMakeCXXCompilerABI.cpp.o -lstdc++ -lm -lgcc_s -lgcc -lc -lgcc_s -lgcc /usr/lib/gcc/sw_64-linux-gnu/10.3.1/crtend.o /usr/lib/gcc/sw_64-linux-gnu/10.3.1/../../../../lib64/crtn.o
COLLECT_GCC_OPTIONS='-v' '-rdynamic' '-o' 'cmTC_1fc7b' '-shared-libgcc' '-mcpu=sw8a'
gmake[1]: Leaving directory '/home/jnu_llvm/MLfortest/featurePass/build/CMakeFiles/CMakeTmp'



Parsed CXX implicit include dir info from above output: rv=done
  found start of include info
  found start of implicit include info
    add: [/usr/lib/gcc/sw_64-linux-gnu/10.3.1/../../../../include/c++/10.3.1]
    add: [/usr/lib/gcc/sw_64-linux-gnu/10.3.1/../../../../include/c++/10.3.1/sw_64-linux-gnu]
    add: [/usr/lib/gcc/sw_64-linux-gnu/10.3.1/../../../../include/c++/10.3.1/backward]
    add: [/usr/lib/gcc/sw_64-linux-gnu/10.3.1/include]
    add: [/usr/local/include]
    add: [/usr/include]
  end of search list found
  collapse include dir [/usr/lib/gcc/sw_64-linux-gnu/10.3.1/../../../../include/c++/10.3.1] ==> [/usr/include/c++/10.3.1]
  collapse include dir [/usr/lib/gcc/sw_64-linux-gnu/10.3.1/../../../../include/c++/10.3.1/sw_64-linux-gnu] ==> [/usr/include/c++/10.3.1/sw_64-linux-gnu]
  collapse include dir [/usr/lib/gcc/sw_64-linux-gnu/10.3.1/../../../../include/c++/10.3.1/backward] ==> [/usr/include/c++/10.3.1/backward]
  collapse include dir [/usr/lib/gcc/sw_64-linux-gnu/10.3.1/include] ==> [/usr/lib/gcc/sw_64-linux-gnu/10.3.1/include]
  collapse include dir [/usr/local/include] ==> [/usr/local/include]
  collapse include dir [/usr/include] ==> [/usr/include]
  implicit include dirs: [/usr/include/c++/10.3.1;/usr/include/c++/10.3.1/sw_64-linux-gnu;/usr/include/c++/10.3.1/backward;/usr/lib/gcc/sw_64-linux-gnu/10.3.1/include;/usr/local/include;/usr/include]


Parsed CXX implicit link information from above output:
  link line regex: [^( *|.*[/\])(ld|CMAKE_LINK_STARTFILE-NOTFOUND|([^/\]+-)?ld|collect2)[^/\]*( |$)]
  ignore line: [Change Dir: /home/jnu_llvm/MLfortest/featurePass/build/CMakeFiles/CMakeTmp]
  ignore line: []
  ignore line: [Run Build Command(s):/usr/bin/gmake -f Makefile cmTC_1fc7b/fast && /usr/bin/gmake  -f CMakeFiles/cmTC_1fc7b.dir/build.make CMakeFiles/cmTC_1fc7b.dir/build]
  ignore line: [gmake[1]: Entering directory '/home/jnu_llvm/MLfortest/featurePass/build/CMakeFiles/CMakeTmp']
  ignore line: [Building CXX object CMakeFiles/cmTC_1fc7b.dir/CMakeCXXCompilerABI.cpp.o]
  ignore line: [/usr/bin/c++   -v -o CMakeFiles/cmTC_1fc7b.dir/CMakeCXXCompilerABI.cpp.o -c /usr/share/cmake/Modules/CMakeCXXCompilerABI.cpp]
  ignore line: [Using built-in specs.]
  ignore line: [COLLECT_GCC=/usr/bin/c++]
  ignore line: [Target: sw_64-linux-gnu]
  ignore line: [Configured with: ../configure --prefix=/usr --mandir=/usr/share/man --infodir=/usr/share/info --enable-shared --enable-threads=posix --enable-checking=release --with-system-zlib --enable-__cxa_atexit --disable-libunwind-exceptions --enable-gnu-unique-object --enable-linker-build-id --with-linker-hash-style=gnu --enable-languages=c,c++,objc,obj-c++,fortran,lto --enable-plugin --enable-initfini-array --disable-libgcj --without-isl --without-cloog --enable-gnu-indirect-function --build=sw_64-linux-gnu --with-stage1-ldflags=' -Wl,-z,relro,-z,now' --with-boot-ldflags=' -Wl,-z,relro,-z,now' --disable-bootstrap --enable-c99 --enable-long-long --disable-nls --enable-multiarch --enable-browser-plugin --enable-linker-no-relax --with-cpu=sw8a --enable-sw_64-full-asan --disable-libquadmath --disable-multilib]
  ignore line: [Thread model: posix]
  ignore line: [Supported LTO compression algorithms: zlib]
  ignore line: [gcc version 10.3.1 (GCC) ]
  ignore line: [COLLECT_GCC_OPTIONS='-v' '-o' 'CMakeFiles/cmTC_1fc7b.dir/CMakeCXXCompilerABI.cpp.o' '-c' '-shared-libgcc' '-mcpu=sw8a']
  ignore line: [ /usr/libexec/gcc/sw_64-linux-gnu/10.3.1/cc1plus -quiet -v -imultiarch sw_64-linux-gnu -D_GNU_SOURCE /usr/share/cmake/Modules/CMakeCXXCompilerABI.cpp -quiet -dumpbase CMakeCXXCompilerABI.cpp -mcpu=sw8a -auxbase-strip CMakeFiles/cmTC_1fc7b.dir/CMakeCXXCompilerABI.cpp.o -version -o /tmp/ccQeJgK2.s]
  ignore line: [GNU C++14 (GCC) version 10.3.1 (sw_64-linux-gnu)]
  ignore line: [	compiled by GNU C version 10.3.1  GMP version 6.2.1  MPFR version 4.1.0  MPC version 1.2.0  isl version none]
  ignore line: [GGC heuristics: --param ggc-min-expand=100 --param ggc-min-heapsize=131072]
  ignore line: [ignoring nonexistent directory "/usr/local/include/sw_64-linux-gnu"]
  ignore line: [ignoring nonexistent directory "/usr/lib/gcc/sw_64-linux-gnu/10.3.1/include-fixed"]
  ignore line: [ignoring nonexistent directory "/usr/lib/gcc/sw_64-linux-gnu/10.3.1/../../../../sw_64-linux-gnu/include"]
  ignore line: [ignoring nonexistent directory "/usr/include/sw_64-linux-gnu"]
  ignore line: [#include "..." search starts here:]
  ignore line: [#include <...> search starts here:]
  ignore line: [ /usr/lib/gcc/sw_64-linux-gnu/10.3.1/../../../../include/c++/10.3.1]
  ignore line: [ /usr/lib/gcc/sw_64-linux-gnu/10.3.1/../../../../include/c++/10.3.1/sw_64-linux-gnu]
  ignore line: [ /usr/lib/gcc/sw_64-linux-gnu/10.3.1/../../../../include/c++/10.3.1/backward]
  ignore line: [ /usr/lib/gcc/sw_64-linux-gnu/10.3.1/include]
  ignore line: [ /usr/local/include]
  ignore line: [ /usr/include]
  ignore line: [End of search list.]
  ignore line: [GNU C++14 (GCC) version 10.3.1 (sw_64-linux-gnu)]
  ignore line: [	compiled by GNU C version 10.3.1  GMP version 6.2.1  MPFR version 4.1.0  MPC version 1.2.0  isl version none]
  ignore line: [GGC heuristics: --param ggc-min-expand=100 --param ggc-min-heapsize=131072]
  ignore line: [Compiler executable checksum: 0e35f53c9096122acdd4efa94207edb9]
  ignore line: [COLLECT_GCC_OPTIONS='-v' '-o' 'CMakeFiles/cmTC_1fc7b.dir/CMakeCXXCompilerABI.cpp.o' '-c' '-shared-libgcc' '-mcpu=sw8a']
  ignore line: [ as -v -no-mdebug -msw8a -o CMakeFiles/cmTC_1fc7b.dir/CMakeCXXCompilerABI.cpp.o /tmp/ccQeJgK2.s]
  ignore line: [GNU assembler version 2.37 (sw_64-UnionTech-linux) using BFD version (GNU Binutils) 2.37]
  ignore line: [COMPILER_PATH=/usr/libexec/gcc/sw_64-linux-gnu/10.3.1/:/usr/libexec/gcc/sw_64-linux-gnu/10.3.1/:/usr/libexec/gcc/sw_64-linux-gnu/:/usr/lib/gcc/sw_64-linux-gnu/10.3.1/:/usr/lib/gcc/sw_64-linux-gnu/]
  ignore line: [LIBRARY_PATH=/usr/lib/gcc/sw_64-linux-gnu/10.3.1/:/usr/lib/gcc/sw_64-linux-gnu/10.3.1/../../../sw_64-linux-gnu/:/usr/lib/gcc/sw_64-linux-gnu/10.3.1/../../../../lib64/:/lib/sw_64-linux-gnu/:/lib/../lib64/:/usr/lib/sw_64-linux-gnu/:/usr/lib/../lib64/:/usr/lib/gcc/sw_64-linux-gnu/10.3.1/../../../:/lib/:/usr/lib/]
  ignore line: [COLLECT_GCC_OPTIONS='-v' '-o' 'CMakeFiles/cmTC_1fc7b.dir/CMakeCXXCompilerABI.cpp.o' '-c' '-shared-libgcc' '-mcpu=sw8a']
  ignore line: [Linking CXX executable cmTC_1fc7b]
  ignore line: [/usr/bin/cmake -E cmake_link_script CMakeFiles/cmTC_1fc7b.dir/link.txt --verbose=1]
  ignore line: [/usr/bin/c++  -v -rdynamic CMakeFiles/cmTC_1fc7b.dir/CMakeCXXCompilerABI.cpp.o -o cmTC_1fc7b ]
  ignore line: [Using built-in specs.]
  ignore line: [COLLECT_GCC=/usr/bin/c++]
  ignore line: [COLLECT_LTO_WRAPPER=/usr/libexec/gcc/sw_64-linux-gnu/10.3.1/lto-wrapper]
  ignore line: [Target: sw_64-linux-gnu]
  ignore line: [Configured with: ../configure --prefix=/usr --mandir=/usr/share/man --infodir=/usr/share/info --enable-shared --enable-threads=posix --enable-checking=release --with-system-zlib --enable-__cxa_atexit --disable-libunwind-exceptions --enable-gnu-unique-object --enable-linker-build-id --with-linker-hash-style=gnu --enable-languages=c,c++,objc,obj-c++,fortran,lto --enable-plugin --enable-initfini-array --disable-libgcj --without-isl --without-cloog --enable-gnu-indirect-function --build=sw_64-linux-gnu --with-stage1-ldflags=' -Wl,-z,relro,-z,now' --with-boot-ldflags=' -Wl,-z,relro,-z,now' --disable-bootstrap --enable-c99 --enable-long-long --disable-nls --enable-multiarch --enable-browser-plugin --enable-linker-no-relax --with-cpu=sw8a --enable-sw_64-full-asan --disable-libquadmath --disable-multilib]
  ignore line: [Thread model: posix]
  ignore line: [Supported LTO compression algorithms: zlib]
  ignore line: [gcc version 10.3.1 (GCC) ]
  ignore line: [COMPILER_PATH=/usr/libexec/gcc/sw_64-linux-gnu/10.3.1/:/usr/libexec/gcc/sw_64-linux-gnu/10.3.1/:/usr/libexec/gcc/sw_64-linux-gnu/:/usr/lib/gcc/sw_64-linux-gnu/10.3.1/:/usr/lib/gcc/sw_64-linux-gnu/]
  ignore line: [LIBRARY_PATH=/usr/lib/gcc/sw_64-linux-gnu/10.3.1/:/usr/lib/gcc/sw_64-linux-gnu/10.3.1/../../../sw_64-linux-gnu/:/usr/lib/gcc/sw_64-linux-gnu/10.3.1/../../../../lib64/:/lib/sw_64-linux-gnu/:/lib/../lib64/:/usr/lib/sw_64-linux-gnu/:/usr/lib/../lib64/:/usr/lib/gcc/sw_64-linux-gnu/10.3.1/../../../:/lib/:/usr/lib/]
  ignore line: [COLLECT_GCC_OPTIONS='-v' '-rdynamic' '-o' 'cmTC_1fc7b' '-shared-libgcc' '-mcpu=sw8a']
  link line: [ /usr/libexec/gcc/sw_64-linux-gnu/10.3.1/collect2 -plugin /usr/libexec/gcc/sw_64-linux-gnu/10.3.1/liblto_plugin.so -plugin-opt=/usr/libexec/gcc/sw_64-linux-gnu/10.3.1/lto-wrapper -plugin-opt=-fresolution=/tmp/cc2U8v7h.res -plugin-opt=-pass-through=-lgcc_s -plugin-opt=-pass-through=-lgcc -plugin-opt=-pass-through=-lc -plugin-opt=-pass-through=-lgcc_s -plugin-opt=-pass-through=-lgcc --no-relax --build-id --eh-frame-hdr --hash-style=gnu -m elf64sw_64 -O1 -export-dynamic -dynamic-linker /lib/ld-linux-sw-64.so.2 -o cmTC_1fc7b /usr/lib/gcc/sw_64-linux-gnu/10.3.1/../../../../lib64/crt1.o /usr/lib/gcc/sw_64-linux-gnu/10.3.1/../../../../lib64/crti.o /usr/lib/gcc/sw_64-linux-gnu/10.3.1/crtbegin.o -L/usr/lib/gcc/sw_64-linux-gnu/10.3.1 -L/usr/lib/gcc/sw_64-linux-gnu/10.3.1/../../../sw_64-linux-gnu -L/usr/lib/gcc/sw_64-linux-gnu/10.3.1/../../../../lib64 -L/lib/sw_64-linux-gnu -L/lib/../lib64 -L/usr/lib/sw_64-linux-gnu -L/usr/lib/../lib64 -L/usr/lib/gcc/sw_64-linux-gnu/10.3.1/../../.. CMakeFiles/cmTC_1fc7b.dir/CMakeCXXCompilerABI.cpp.o -lstdc++ -lm -lgcc_s -lgcc -lc -lgcc_s -lgcc /usr/lib/gcc/sw_64-linux-gnu/10.3.1/crtend.o /usr/lib/gcc/sw_64-linux-gnu/10.3.1/../../../../lib64/crtn.o]
    arg [/usr/libexec/gcc/sw_64-linux-gnu/10.3.1/collect2] ==> ignore
    arg [-plugin] ==> ignore
    arg [/usr/libexec/gcc/sw_64-linux-gnu/10.3.1/liblto_plugin.so] ==> ignore
    arg [-plugin-opt=/usr/libexec/gcc/sw_64-linux-gnu/10.3.1/lto-wrapper] ==> ignore
    arg [-plugin-opt=-fresolution=/tmp/cc2U8v7h.res] ==> ignore
    arg [-plugin-opt=-pass-through=-lgcc_s] ==> ignore
    arg [-plugin-opt=-pass-through=-lgcc] ==> ignore
    arg [-plugin-opt=-pass-through=-lc] ==> ignore
    arg [-plugin-opt=-pass-through=-lgcc_s] ==> ignore
    arg [-plugin-opt=-pass-through=-lgcc] ==> ignore
    arg [--no-relax] ==> ignore
    arg [--build-id] ==> ignore
    arg [--eh-frame-hdr] ==> ignore
    arg [--hash-style=gnu] ==> ignore
    arg [-m] ==> ignore
    arg [elf64sw_64] ==> ignore
    arg [-O1] ==> ignore
    arg [-export-dynamic] ==> ignore
    arg [-dynamic-linker] ==> ignore
    arg [/lib/ld-linux-sw-64.so.2] ==> ignore
    arg [-o] ==> ignore
    arg [cmTC_1fc7b] ==> ignore
    arg [/usr/lib/gcc/sw_64-linux-gnu/10.3.1/../../../../lib64/crt1.o] ==> obj [/usr/lib/gcc/sw_64-linux-gnu/10.3.1/../../../../lib64/crt1.o]
    arg [/usr/lib/gcc/sw_64-linux-gnu/10.3.1/../../../../lib64/crti.o] ==> obj [/usr/lib/gcc/sw_64-linux-gnu/10.3.1/../../../../lib64/crti.o]
    arg [/usr/lib/gcc/sw_64-linux-gnu/10.3.1/crtbegin.o] ==> obj [/usr/lib/gcc/sw_64-linux-gnu/10.3.1/crtbegin.o]
    arg [-L/usr/lib/gcc/sw_64-linux-gnu/10.3.1] ==> dir [/usr/lib/gcc/sw_64-linux-gnu/10.3.1]
    arg [-L/usr/lib/gcc/sw_64-linux-gnu/10.3.1/../../../sw_64-linux-gnu] ==> dir [/usr/lib/gcc/sw_64-linux-gnu/10.3.1/../../../sw_64-linux-gnu]
    arg [-L/usr/lib/gcc/sw_64-linux-gnu/10.3.1/../../../../lib64] ==> dir [/usr/lib/gcc/sw_64-linux-gnu/10.3.1/../../../../lib64]
    arg [-L/lib/sw_64-linux-gnu] ==> dir [/lib/sw_64-linux-gnu]
    arg [-L/lib/../lib64] ==> dir [/lib/../lib64]
    arg [-L/usr/lib/sw_64-linux-gnu] ==> dir [/usr/lib/sw_64-linux-gnu]
    arg [-L/usr/lib/../lib64] ==> dir [/usr/lib/../lib64]
    arg [-L/usr/lib/gcc/sw_64-linux-gnu/10.3.1/../../..] ==> dir [/usr/lib/gcc/sw_64-linux-gnu/10.3.1/../../..]
    arg [CMakeFiles/cmTC_1fc7b.dir/CMakeCXXCompilerABI.cpp.o] ==> ignore
    arg [-lstdc++] ==> lib [stdc++]
    arg [-lm] ==> lib [m]
    arg [-lgcc_s] ==> lib [gcc_s]
    arg [-lgcc] ==> lib [gcc]
    arg [-lc] ==> lib [c]
    arg [-lgcc_s] ==> lib [gcc_s]
    arg [-lgcc] ==> lib [gcc]
    arg [/usr/lib/gcc/sw_64-linux-gnu/10.3.1/crtend.o] ==> obj [/usr/lib/gcc/sw_64-linux-gnu/10.3.1/crtend.o]
    arg [/usr/lib/gcc/sw_64-linux-gnu/10.3.1/../../../../lib64/crtn.o] ==> obj [/usr/lib/gcc/sw_64-linux-gnu/10.3.1/../../../../lib64/crtn.o]
  collapse obj [/usr/lib/gcc/sw_64-linux-gnu/10.3.1/../../../../lib64/crt1.o] ==> [/usr/lib64/crt1.o]
  collapse obj [/usr/lib/gcc/sw_64-linux-gnu/10.3.1/../../../../lib64/crti.o] ==> [/usr/lib64/crti.o]
  collapse obj [/usr/lib/gcc/sw_64-linux-gnu/10.3.1/../../../../lib64/crtn.o] ==> [/usr/lib64/crtn.o]
  collapse library dir [/usr/lib/gcc/sw_64-linux-gnu/10.3.1] ==> [/usr/lib/gcc/sw_64-linux-gnu/10.3.1]
  collapse library dir [/usr/lib/gcc/sw_64-linux-gnu/10.3.1/../../../sw_64-linux-gnu] ==> [/usr/lib/sw_64-linux-gnu]
  collapse library dir [/usr/lib/gcc/sw_64-linux-gnu/10.3.1/../../../../lib64] ==> [/usr/lib64]
  collapse library dir [/lib/sw_64-linux-gnu] ==> [/lib/sw_64-linux-gnu]
  collapse library dir [/lib/../lib64] ==> [/lib64]
  collapse library dir [/usr/lib/sw_64-linux-gnu] ==> [/usr/lib/sw_64-linux-gnu]
  collapse library dir [/usr/lib/../lib64] ==> [/usr/lib64]
  collapse library dir [/usr/lib/gcc/sw_64-linux-gnu/10.3.1/../../..] ==> [/usr/lib]
  implicit libs: [stdc++;m;gcc_s;gcc;c;gcc_s;gcc]
  implicit objs: [/usr/lib64/crt1.o;/usr/lib64/crti.o;/usr/lib/gcc/sw_64-linux-gnu/10.3.1/crtbegin.o;/usr/lib/gcc/sw_64-linux-gnu/10.3.1/crtend.o;/usr/lib64/crtn.o]
  implicit dirs: [/usr/lib/gcc/sw_64-linux-gnu/10.3.1;/usr/lib/sw_64-linux-gnu;/usr/lib64;/lib/sw_64-linux-gnu;/lib64;/usr/lib]
  implicit fwks: []


